2026-04-09 13:36:52,168 - douban_spider - WARNING - 获取电影信息失败，状态码: 404
2026-04-09 13:36:52,337 - douban_spider - WARNING - 请求失败，状态码: 404
2026-04-09 13:36:52,338 - douban_spider - WARNING - 第 1 页返回 403，停止采集
2026-04-09 13:38:10,917 - douban_spider - INFO - 第 1 页无更多评论，停止采集
2026-04-09 13:56:37,743 - douban_spider - WARNING - 获取电影信息失败，状态码: 403
2026-04-09 13:56:38,184 - douban_spider - INFO - 第 1 页无更多评论，停止采集
2026-04-09 13:58:43,573 - douban_spider - INFO - 第 1/1 页采集完成，本页 20 条评论，累计 20 条
2026-04-09 14:02:37,645 - douban_spider - INFO - 第 1/10 页采集完成，本页 20 条评论，累计 20 条
2026-04-09 14:09:52,462 - douban_spider - INFO - 第 1/2 页采集完成，本页 20 条评论，累计 20 条
2026-04-09 14:09:58,796 - douban_spider - INFO - 第 2/2 页采集完成，本页 20 条评论，累计 40 条
2026-04-09 14:15:13,376 - douban_spider - INFO - 第 1/1 页采集完成，本页 20 条评论，累计 20 条
2026-04-09 14:16:25,642 - douban_spider - INFO - 第 1/10 页采集完成，本页 20 条评论，累计 20 条
2026-04-09 14:16:30,699 - douban_spider - INFO - 第 2/10 页采集完成，本页 20 条评论，累计 40 条
2026-04-09 14:16:34,946 - douban_spider - INFO - 第 3/10 页采集完成，本页 20 条评论，累计 60 条
2026-04-09 14:16:38,555 - douban_spider - INFO - 第 4/10 页采集完成，本页 20 条评论，累计 80 条
2026-04-09 14:16:43,575 - douban_spider - INFO - 第 5/10 页采集完成，本页 20 条评论，累计 100 条
2026-04-09 14:16:48,277 - douban_spider - INFO - 第 6/10 页采集完成，本页 20 条评论，累计 120 条
2026-04-09 14:16:54,115 - douban_spider - INFO - 第 7 页无更多评论，停止采集
2026-04-09 14:18:44,329 - douban_spider - INFO - 第 1/10 页采集完成，本页 20 条评论，累计 20 条
2026-04-09 14:18:49,270 - douban_spider - INFO - 第 2/10 页采集完成，本页 20 条评论，累计 40 条
2026-04-09 14:18:52,936 - douban_spider - INFO - 第 3/10 页采集完成，本页 20 条评论，累计 60 条
2026-04-09 14:18:56,980 - douban_spider - INFO - 第 4/10 页采集完成，本页 20 条评论，累计 80 条
2026-04-09 14:19:00,934 - douban_spider - INFO - 第 5/10 页采集完成，本页 20 条评论，累计 100 条
2026-04-09 14:19:06,152 - douban_spider - INFO - 第 6/10 页采集完成，本页 20 条评论，累计 120 条
2026-04-09 14:19:11,197 - douban_spider - INFO - 第 7 页无更多评论，停止采集
